c:\users\arun\documents\2016 s1\gdev\assigmnet\dm2231_framework(11)\dm2231_framework\base\debug\vc120.pdb
c:\users\arun\documents\2016 s1\gdev\assigmnet\dm2231_framework(11)\dm2231_framework\base\debug\vc120.idb
c:\users\arun\documents\2016 s1\gdev\assigmnet\dm2231_framework(11)\dm2231_framework\base\debug\camera2.obj
c:\users\arun\documents\2016 s1\gdev\assigmnet\dm2231_framework(11)\dm2231_framework\base\debug\camera3.obj
c:\users\arun\documents\2016 s1\gdev\assigmnet\dm2231_framework(11)\dm2231_framework\base\debug\enemy.obj
c:\users\arun\documents\2016 s1\gdev\assigmnet\dm2231_framework(11)\dm2231_framework\base\debug\goodies.obj
c:\users\arun\documents\2016 s1\gdev\assigmnet\dm2231_framework(11)\dm2231_framework\base\debug\goodiesfactory.obj
c:\users\arun\documents\2016 s1\gdev\assigmnet\dm2231_framework(11)\dm2231_framework\base\debug\loadobj.obj
c:\users\arun\documents\2016 s1\gdev\assigmnet\dm2231_framework(11)\dm2231_framework\base\debug\loadtga.obj
c:\users\arun\documents\2016 s1\gdev\assigmnet\dm2231_framework(11)\dm2231_framework\base\debug\main.obj
c:\users\arun\documents\2016 s1\gdev\assigmnet\dm2231_framework(11)\dm2231_framework\base\debug\map.obj
c:\users\arun\documents\2016 s1\gdev\assigmnet\dm2231_framework(11)\dm2231_framework\base\debug\mesh.obj
c:\users\arun\documents\2016 s1\gdev\assigmnet\dm2231_framework(11)\dm2231_framework\base\debug\meshbuilder.obj
c:\users\arun\documents\2016 s1\gdev\assigmnet\dm2231_framework(11)\dm2231_framework\base\debug\minimap.obj
c:\users\arun\documents\2016 s1\gdev\assigmnet\dm2231_framework(11)\dm2231_framework\base\debug\playerinfo.obj
c:\users\arun\documents\2016 s1\gdev\assigmnet\dm2231_framework(11)\dm2231_framework\base\debug\scenetext.obj
c:\users\arun\documents\2016 s1\gdev\assigmnet\dm2231_framework(11)\dm2231_framework\base\debug\shader.obj
c:\users\arun\documents\2016 s1\gdev\assigmnet\dm2231_framework(11)\dm2231_framework\base\debug\spriteanimation.obj
c:\users\arun\documents\2016 s1\gdev\assigmnet\dm2231_framework(11)\dm2231_framework\base\debug\strategy.obj
c:\users\arun\documents\2016 s1\gdev\assigmnet\dm2231_framework(11)\dm2231_framework\base\debug\strategy_kill.obj
c:\users\arun\documents\2016 s1\gdev\assigmnet\dm2231_framework(11)\dm2231_framework\base\debug\treasurechest.obj
c:\users\arun\documents\2016 s1\gdev\assigmnet\dm2231_framework(11)\dm2231_framework\base\debug\utility.obj
c:\users\arun\documents\2016 s1\gdev\assigmnet\dm2231_framework(11)\dm2231_framework\base\debug\application.obj
c:\users\arun\documents\2016 s1\gdev\assigmnet\dm2231_framework(11)\dm2231_framework\base\debug\camera.obj
c:\users\arun\documents\2016 s1\gdev\assigmnet\dm2231_framework(11)\dm2231_framework\debug\base.exe
c:\users\arun\documents\2016 s1\gdev\assigmnet\dm2231_framework(11)\dm2231_framework\debug\base.pdb
c:\users\arun\documents\2016 s1\gdev\assigmnet\dm2231_framework(11)\dm2231_framework\base\debug\base.tlog\cl.command.1.tlog
c:\users\arun\documents\2016 s1\gdev\assigmnet\dm2231_framework(11)\dm2231_framework\base\debug\base.tlog\cl.read.1.tlog
c:\users\arun\documents\2016 s1\gdev\assigmnet\dm2231_framework(11)\dm2231_framework\base\debug\base.tlog\cl.write.1.tlog
c:\users\arun\documents\2016 s1\gdev\assigmnet\dm2231_framework(11)\dm2231_framework\base\debug\base.tlog\link.command.1.tlog
c:\users\arun\documents\2016 s1\gdev\assigmnet\dm2231_framework(11)\dm2231_framework\base\debug\base.tlog\link.read.1.tlog
c:\users\arun\documents\2016 s1\gdev\assigmnet\dm2231_framework(11)\dm2231_framework\base\debug\base.tlog\link.write.1.tlog
